2024-11-25 21:32:15.884 +01:00 [INF] User profile is available. Using '/Users/hermanrov/.aspnet/DataProtection-Keys' as key repository; keys will not be encrypted at rest.
2024-11-25 21:32:16.581 +01:00 [INF] Now listening on: http://localhost:5094
2024-11-25 21:32:16.607 +01:00 [INF] Application started. Press Ctrl+C to shut down.
2024-11-25 21:32:16.608 +01:00 [INF] Hosting environment: Development
2024-11-25 21:32:16.608 +01:00 [INF] Content root path: /Users/hermanrov/Documents/GitHub/ITPE3200/React/ITPE3200XAPI
2024-11-25 21:32:17.312 +01:00 [INF] Request starting HTTP/1.1 GET http://localhost:5094/swagger/index.html - null null
2024-11-25 21:32:17.409 +01:00 [INF] Request finished HTTP/1.1 GET http://localhost:5094/swagger/index.html - 200 null text/html;charset=utf-8 97.9423ms
2024-11-25 21:32:18.439 +01:00 [INF] Request starting HTTP/1.1 GET http://localhost:5094/swagger/v1/swagger.json - null null
2024-11-25 21:32:18.585 +01:00 [ERR] An unhandled exception has occurred while executing the request.
Swashbuckle.AspNetCore.SwaggerGen.SwaggerGeneratorException: Conflicting method/path combination "GET Post" for actions - ITPE3200XAPI.Controllers.PostController.CreatePost (ITPE3200XAPI),ITPE3200XAPI.Controllers.PostController.EditPost (ITPE3200XAPI),ITPE3200XAPI.Controllers.PostController.SavedPosts (ITPE3200XAPI). Actions require a unique method/path combination for Swagger/OpenAPI 3.0. Use ConflictingActionsResolver as a workaround
   at Swashbuckle.AspNetCore.SwaggerGen.SwaggerGenerator.GenerateOperations(IEnumerable`1 apiDescriptions, SchemaRepository schemaRepository)
   at Swashbuckle.AspNetCore.SwaggerGen.SwaggerGenerator.GeneratePaths(IEnumerable`1 apiDescriptions, SchemaRepository schemaRepository)
   at Swashbuckle.AspNetCore.SwaggerGen.SwaggerGenerator.GetSwaggerDocumentWithoutFilters(String documentName, String host, String basePath)
   at Swashbuckle.AspNetCore.SwaggerGen.SwaggerGenerator.GetSwaggerAsync(String documentName, String host, String basePath)
   at Swashbuckle.AspNetCore.Swagger.SwaggerMiddleware.Invoke(HttpContext httpContext, ISwaggerProvider swaggerProvider)
   at Microsoft.AspNetCore.Authorization.AuthorizationMiddleware.Invoke(HttpContext context)
   at Microsoft.AspNetCore.Authentication.AuthenticationMiddleware.Invoke(HttpContext context)
   at Microsoft.AspNetCore.Diagnostics.DeveloperExceptionPageMiddlewareImpl.Invoke(HttpContext context)
2024-11-25 21:32:18.587 +01:00 [INF] Request finished HTTP/1.1 GET http://localhost:5094/swagger/v1/swagger.json - 500 null text/plain; charset=utf-8 147.8102ms
2024-11-25 21:32:31.599 +01:00 [INF] Request starting HTTP/1.1 GET http://localhost:5094/swagger/index.html - null null
2024-11-25 21:32:31.603 +01:00 [INF] Request finished HTTP/1.1 GET http://localhost:5094/swagger/index.html - 200 null text/html;charset=utf-8 4.3217ms
2024-11-25 21:32:31.646 +01:00 [INF] Request starting HTTP/1.1 GET http://localhost:5094/swagger/v1/swagger.json - null null
2024-11-25 21:32:31.683 +01:00 [ERR] An unhandled exception has occurred while executing the request.
Swashbuckle.AspNetCore.SwaggerGen.SwaggerGeneratorException: Conflicting method/path combination "GET Post" for actions - ITPE3200XAPI.Controllers.PostController.CreatePost (ITPE3200XAPI),ITPE3200XAPI.Controllers.PostController.EditPost (ITPE3200XAPI),ITPE3200XAPI.Controllers.PostController.SavedPosts (ITPE3200XAPI). Actions require a unique method/path combination for Swagger/OpenAPI 3.0. Use ConflictingActionsResolver as a workaround
   at Swashbuckle.AspNetCore.SwaggerGen.SwaggerGenerator.GenerateOperations(IEnumerable`1 apiDescriptions, SchemaRepository schemaRepository)
   at Swashbuckle.AspNetCore.SwaggerGen.SwaggerGenerator.GeneratePaths(IEnumerable`1 apiDescriptions, SchemaRepository schemaRepository)
   at Swashbuckle.AspNetCore.SwaggerGen.SwaggerGenerator.GetSwaggerDocumentWithoutFilters(String documentName, String host, String basePath)
   at Swashbuckle.AspNetCore.SwaggerGen.SwaggerGenerator.GetSwaggerAsync(String documentName, String host, String basePath)
   at Swashbuckle.AspNetCore.Swagger.SwaggerMiddleware.Invoke(HttpContext httpContext, ISwaggerProvider swaggerProvider)
   at Microsoft.AspNetCore.Authorization.AuthorizationMiddleware.Invoke(HttpContext context)
   at Microsoft.AspNetCore.Authentication.AuthenticationMiddleware.Invoke(HttpContext context)
   at Microsoft.AspNetCore.Diagnostics.DeveloperExceptionPageMiddlewareImpl.Invoke(HttpContext context)
2024-11-25 21:32:31.684 +01:00 [INF] Request finished HTTP/1.1 GET http://localhost:5094/swagger/v1/swagger.json - 500 null text/plain; charset=utf-8 38.019ms
